<?xml version="1.0" encoding="UTF-8"?>
<testng-results ignored="0" total="1" passed="1" failed="0" skipped="0">
  <reporter-output>
  </reporter-output>
  <suite started-at="2021-05-08T10:15:32 EDT" name="Default suite" finished-at="2021-05-08T10:15:42 EDT" duration-ms="10318">
    <groups>
    </groups>
    <test started-at="2021-05-08T10:15:32 EDT" name="Default test" finished-at="2021-05-08T10:15:42 EDT" duration-ms="10318">
      <class name="DropDown.MouseHover">
        <test-method is-config="true" signature="openBrowser()[pri:0, instance:DropDown.MouseHover@4e91d63f]" started-at="2021-05-08T10:15:32 EDT" name="openBrowser" finished-at="2021-05-08T10:15:42 EDT" duration-ms="9444" status="PASS">
          <reporter-output>
          </reporter-output>
        </test-method> <!-- openBrowser -->
        <test-method signature="mousehover()[pri:0, instance:DropDown.MouseHover@4e91d63f]" started-at="2021-05-08T10:15:42 EDT" name="mousehover" finished-at="2021-05-08T10:15:42 EDT" duration-ms="834" status="PASS">
          <reporter-output>
          </reporter-output>
        </test-method> <!-- mousehover -->
      </class> <!-- DropDown.MouseHover -->
    </test> <!-- Default test -->
  </suite> <!-- Default suite -->
</testng-results>
